IMLib/build/outputs/logs/manifest-merger-debug-report.txt
-- Merging decision tree log ---
manifest
ADDED from Rongyun\IMLib\AndroidManifest.xml:1:1-93:12
INJECTED from Rongyun\IMLib\AndroidManifest.xml:1:1-93:12
INJECTED from Rongyun\IMLib\AndroidManifest.xml:1:1-93:12
INJECTED from Rongyun\IMLib\AndroidManifest.xml:1:1-93:12
INJECTED from Rongyun\IMLib\AndroidManifest.xml:1:1-93:12
INJECTED from Rongyun\IMLib\AndroidManifest.xml:1:1-93:12
INJECTED from Rongyun\IMLib\AndroidManifest.xml:1:1-93:12
	package
		ADDED from Rongyun\IMLib\AndroidManifest.xml:2:5-28
		INJECTED from Rongyun\IMLib\AndroidManifest.xml
		INJECTED from Rongyun\IMLib\AndroidManifest.xml
	android:versionName
		INJECTED from Rongyun\IMLib\AndroidManifest.xml
		ADDED from Rongyun\IMLib\AndroidManifest.xml:1:1-93:12
		INJECTED from Rongyun\IMLib\AndroidManifest.xml
	android:versionCode
		INJECTED from Rongyun\IMLib\AndroidManifest.xml
		ADDED from Rongyun\IMLib\AndroidManifest.xml:1:1-93:12
		INJECTED from Rongyun\IMLib\AndroidManifest.xml
	xmlns:android
		ADDED from Rongyun\IMLib\AndroidManifest.xml:1:11-69
uses-sdk
ADDED from Rongyun\IMLib\AndroidManifest.xml:4:5-6:41
INJECTED from Rongyun\IMLib\AndroidManifest.xml:4:5-6:41
INJECTED from Rongyun\IMLib\AndroidManifest.xml:4:5-6:41
INJECTED from Rongyun\IMLib\AndroidManifest.xml:4:5-6:41
INJECTED from Rongyun\IMLib\AndroidManifest.xml:4:5-6:41
	android:targetSdkVersion
		ADDED from Rongyun\IMLib\AndroidManifest.xml:6:9-38
		INJECTED from Rongyun\IMLib\AndroidManifest.xml
		INJECTED from Rongyun\IMLib\AndroidManifest.xml
	android:minSdkVersion
		ADDED from Rongyun\IMLib\AndroidManifest.xml:5:9-35
		INJECTED from Rongyun\IMLib\AndroidManifest.xml
		INJECTED from Rongyun\IMLib\AndroidManifest.xml
uses-permission#android.permission.WRITE_EXTERNAL_STORAGE
ADDED from Rongyun\IMLib\AndroidManifest.xml:8:5-81
	android:name
		ADDED from Rongyun\IMLib\AndroidManifest.xml:8:22-78
uses-permission#android.permission.INTERNET
ADDED from Rongyun\IMLib\AndroidManifest.xml:9:5-67
	android:name
		ADDED from Rongyun\IMLib\AndroidManifest.xml:9:22-64
uses-permission#android.permission.ACCESS_NETWORK_STATE
ADDED from Rongyun\IMLib\AndroidManifest.xml:10:5-79
	android:name
		ADDED from Rongyun\IMLib\AndroidManifest.xml:10:22-76
uses-permission#android.permission.ACCESS_WIFI_STATE
ADDED from Rongyun\IMLib\AndroidManifest.xml:11:5-76
	android:name
		ADDED from Rongyun\IMLib\AndroidManifest.xml:11:22-73
uses-permission#android.permission.READ_PHONE_STATE
ADDED from Rongyun\IMLib\AndroidManifest.xml:12:5-75
	android:name
		ADDED from Rongyun\IMLib\AndroidManifest.xml:12:22-72
uses-permission#android.permission.RECORD_AUDIO
ADDED from Rongyun\IMLib\AndroidManifest.xml:13:5-71
	android:name
		ADDED from Rongyun\IMLib\AndroidManifest.xml:13:22-68
uses-permission#android.permission.GET_TASKS
ADDED from Rongyun\IMLib\AndroidManifest.xml:14:5-68
	android:name
		ADDED from Rongyun\IMLib\AndroidManifest.xml:14:22-65
uses-permission#android.permission.WAKE_LOCK
ADDED from Rongyun\IMLib\AndroidManifest.xml:15:5-68
	android:name
		ADDED from Rongyun\IMLib\AndroidManifest.xml:15:22-65
uses-permission#android.permission.MODIFY_AUDIO_SETTINGS
ADDED from Rongyun\IMLib\AndroidManifest.xml:16:5-80
	android:name
		ADDED from Rongyun\IMLib\AndroidManifest.xml:16:22-77
uses-permission#android.permission.VIBRATE
ADDED from Rongyun\IMLib\AndroidManifest.xml:17:5-66
	android:name
		ADDED from Rongyun\IMLib\AndroidManifest.xml:17:22-63
uses-permission#android.permission.ACCESS_FINE_LOCATION
ADDED from Rongyun\IMLib\AndroidManifest.xml:18:5-79
	android:name
		ADDED from Rongyun\IMLib\AndroidManifest.xml:18:22-76
uses-permission#android.permission.RECEIVE_BOOT_COMPLETED
ADDED from Rongyun\IMLib\AndroidManifest.xml:19:5-81
	android:name
		ADDED from Rongyun\IMLib\AndroidManifest.xml:19:22-78
application
ADDED from Rongyun\IMLib\AndroidManifest.xml:21:5-91:19
meta-data#RONG_CLOUD_APP_KEY
ADDED from Rongyun\IMLib\AndroidManifest.xml:24:9-26:45
	android:value
		ADDED from Rongyun\IMLib\AndroidManifest.xml:26:13-42
	android:name
		ADDED from Rongyun\IMLib\AndroidManifest.xml:25:13-46
service#io.rong.imlib.ipc.RongService
ADDED from Rongyun\IMLib\AndroidManifest.xml:28:9-31:38
	android:process
		ADDED from Rongyun\IMLib\AndroidManifest.xml:31:13-35
	android:exported
		ADDED from Rongyun\IMLib\AndroidManifest.xml:30:13-36
	android:name
		ADDED from Rongyun\IMLib\AndroidManifest.xml:29:13-57
service#io.rong.imlib.ReConnectService
ADDED from Rongyun\IMLib\AndroidManifest.xml:33:9-34:38
	android:exported
		ADDED from Rongyun\IMLib\AndroidManifest.xml:34:13-36
	android:name
		ADDED from Rongyun\IMLib\AndroidManifest.xml:33:18-63
receiver#io.rong.imlib.ConnectChangeReceiver
ADDED from Rongyun\IMLib\AndroidManifest.xml:36:9-37:38
	android:exported
		ADDED from Rongyun\IMLib\AndroidManifest.xml:37:13-36
	android:name
		ADDED from Rongyun\IMLib\AndroidManifest.xml:36:19-69
receiver#io.rong.imlib.HeartbeatReceiver
ADDED from Rongyun\IMLib\AndroidManifest.xml:39:9-41:38
	android:process
		ADDED from Rongyun\IMLib\AndroidManifest.xml:41:13-35
	android:name
		ADDED from Rongyun\IMLib\AndroidManifest.xml:40:13-59
service#io.rong.push.core.PushRegistrationService
ADDED from Rongyun\IMLib\AndroidManifest.xml:47:9-50:19
	android:exported
		ADDED from Rongyun\IMLib\AndroidManifest.xml:49:13-37
	android:name
		ADDED from Rongyun\IMLib\AndroidManifest.xml:48:13-69
service#io.rong.push.core.MessageHandleService
ADDED from Rongyun\IMLib\AndroidManifest.xml:53:9-56:19
	android:exported
		ADDED from Rongyun\IMLib\AndroidManifest.xml:55:13-36
	android:name
		ADDED from Rongyun\IMLib\AndroidManifest.xml:54:13-66
service#io.rong.push.PushService
ADDED from Rongyun\IMLib\AndroidManifest.xml:59:9-63:19
	android:process
		ADDED from Rongyun\IMLib\AndroidManifest.xml:62:13-43
	android:exported
		ADDED from Rongyun\IMLib\AndroidManifest.xml:61:13-36
	android:name
		ADDED from Rongyun\IMLib\AndroidManifest.xml:60:13-52
receiver#io.rong.push.PushReceiver
ADDED from Rongyun\IMLib\AndroidManifest.xml:66:9-86:20
	android:process
		ADDED from Rongyun\IMLib\AndroidManifest.xml:68:13-43
	android:name
		ADDED from Rongyun\IMLib\AndroidManifest.xml:67:13-53
intent-filter#io.rong.push.intent.action.HEART_BEAT
ADDED from Rongyun\IMLib\AndroidManifest.xml:70:13-72:29
action#io.rong.push.intent.action.HEART_BEAT
ADDED from Rongyun\IMLib\AndroidManifest.xml:71:17-80
	android:name
		ADDED from Rongyun\IMLib\AndroidManifest.xml:71:25-77
intent-filter#android.net.conn.CONNECTIVITY_CHANGE
ADDED from Rongyun\IMLib\AndroidManifest.xml:74:13-76:29
action#android.net.conn.CONNECTIVITY_CHANGE
ADDED from Rongyun\IMLib\AndroidManifest.xml:75:17-79
	android:name
		ADDED from Rongyun\IMLib\AndroidManifest.xml:75:25-76
intent-filter#android.intent.action.BOOT_COMPLETED
ADDED from Rongyun\IMLib\AndroidManifest.xml:78:13-80:29
action#android.intent.action.BOOT_COMPLETED
ADDED from Rongyun\IMLib\AndroidManifest.xml:79:17-79
	android:name
		ADDED from Rongyun\IMLib\AndroidManifest.xml:79:25-76
intent-filter#android.intent.action.ACTION_POWER_CONNECTED+android.intent.action.ACTION_POWER_DISCONNECTED+android.intent.action.USER_PRESENT
ADDED from Rongyun\IMLib\AndroidManifest.xml:81:13-85:29
action#android.intent.action.USER_PRESENT
ADDED from Rongyun\IMLib\AndroidManifest.xml:82:17-77
	android:name
		ADDED from Rongyun\IMLib\AndroidManifest.xml:82:25-74
action#android.intent.action.ACTION_POWER_CONNECTED
ADDED from Rongyun\IMLib\AndroidManifest.xml:83:17-87
	android:name
		ADDED from Rongyun\IMLib\AndroidManifest.xml:83:25-84
action#android.intent.action.ACTION_POWER_DISCONNECTED
ADDED from Rongyun\IMLib\AndroidManifest.xml:84:17-90
	android:name
		ADDED from Rongyun\IMLib\AndroidManifest.xml:84:25-87